d:\cours\c++\consoleapplication1\consoleapplication1\debug\vc142.pdb
d:\cours\c++\consoleapplication1\consoleapplication1\debug\vc142.idb
d:\cours\c++\consoleapplication1\consoleapplication1\debug\weapon.obj
d:\cours\c++\consoleapplication1\consoleapplication1\debug\warrior.obj
d:\cours\c++\consoleapplication1\consoleapplication1\debug\arcanewarrior.obj
d:\cours\c++\consoleapplication1\consoleapplication1\debug\mageheal.obj
d:\cours\c++\consoleapplication1\consoleapplication1\debug\mage.obj
d:\cours\c++\consoleapplication1\consoleapplication1\debug\consoleapplication1.obj
d:\cours\c++\consoleapplication1\consoleapplication1\debug\character.obj
d:\cours\c++\consoleapplication1\debug\consoleapplication1.pdb
d:\cours\c++\consoleapplication1\consoleapplication1\debug\consolea.fce4ca1f.tlog\cl.command.1.tlog
d:\cours\c++\consoleapplication1\consoleapplication1\debug\consolea.fce4ca1f.tlog\cl.read.1.tlog
d:\cours\c++\consoleapplication1\consoleapplication1\debug\consolea.fce4ca1f.tlog\cl.write.1.tlog
d:\cours\c++\consoleapplication1\consoleapplication1\debug\consolea.fce4ca1f.tlog\link-cvtres.read.1.tlog
d:\cours\c++\consoleapplication1\consoleapplication1\debug\consolea.fce4ca1f.tlog\link-cvtres.write.1.tlog
d:\cours\c++\consoleapplication1\consoleapplication1\debug\consolea.fce4ca1f.tlog\link-rc.read.1.tlog
d:\cours\c++\consoleapplication1\consoleapplication1\debug\consolea.fce4ca1f.tlog\link-rc.write.1.tlog
d:\cours\c++\consoleapplication1\consoleapplication1\debug\consolea.fce4ca1f.tlog\link.command.1.tlog
d:\cours\c++\consoleapplication1\consoleapplication1\debug\consolea.fce4ca1f.tlog\link.read.1.tlog
d:\cours\c++\consoleapplication1\consoleapplication1\debug\consolea.fce4ca1f.tlog\link.write.1.tlog
